<?xml version="1.0" encoding="UTF-8"?>
<testng-results ignored="0" total="1" passed="1" failed="0" skipped="0">
  <reporter-output>
  </reporter-output>
  <suite started-at="2023-04-27T10:49:47 IST" name="Default suite" finished-at="2023-04-27T10:51:31 IST" duration-ms="103933">
    <groups>
    </groups>
    <test started-at="2023-04-27T10:49:47 IST" name="Default test" finished-at="2023-04-27T10:51:31 IST" duration-ms="103933">
      <class name="testPackage.UserCreated">
        <test-method is-config="true" signature="setUp()[pri:0, instance:testPackage.UserCreated@79da8dc5]" started-at="2023-04-27T10:49:47 IST" name="setUp" finished-at="2023-04-27T10:50:21 IST" duration-ms="34422" status="PASS">
          <reporter-output>
          </reporter-output>
        </test-method> <!-- setUp -->
        <test-method signature="user1()[pri:0, instance:testPackage.UserCreated@79da8dc5]" started-at="2023-04-27T10:50:22 IST" name="user1" finished-at="2023-04-27T10:51:28 IST" duration-ms="66120" status="PASS">
          <reporter-output>
          </reporter-output>
        </test-method> <!-- user1 -->
        <test-method is-config="true" signature="tearDown()[pri:0, instance:testPackage.UserCreated@79da8dc5]" started-at="2023-04-27T10:51:28 IST" name="tearDown" finished-at="2023-04-27T10:51:31 IST" duration-ms="3323" status="PASS">
          <reporter-output>
          </reporter-output>
        </test-method> <!-- tearDown -->
      </class> <!-- testPackage.UserCreated -->
    </test> <!-- Default test -->
  </suite> <!-- Default suite -->
</testng-results>
